<?xml version="1.0" encoding="UTF-8"?>
<!-- Generated by org.testng.reporters.JUnitXMLReporter -->
<testsuite ignored="1" hostname="kavindudi" failures="0" tests="6" name="Default test" time="0.062" errors="0" timestamp="2022-09-23T14:55:18 IST">
  <testcase classname="ataf.actions.BaseTest" name="@BeforeSuite initiaization" time="-1.663925118088E9">
    <failure type="java.lang.NumberFormatException" message="For input string: &amp;quot;param-val-not-found&amp;quot;">
      <![CDATA[java.lang.NumberFormatException: For input string: "param-val-not-found"
at java.base/java.lang.NumberFormatException.forInputString(NumberFormatException.java:67)
at java.base/java.lang.Integer.parseInt(Integer.java:668)
at java.base/java.lang.Integer.valueOf(Integer.java:999)
at org.testng.internal.PropertyUtils.convertType(PropertyUtils.java:41)
at org.testng.internal.Parameters.createParams(Parameters.java:270)
at org.testng.internal.Parameters.createParametersForMethod(Parameters.java:355)
at org.testng.internal.Parameters.createParameters(Parameters.java:684)
at org.testng.internal.Parameters.createConfigurationParameters(Parameters.java:166)
at org.testng.internal.invokers.ConfigInvoker.invokeConfigurations(ConfigInvoker.java:277)
at org.testng.SuiteRunner.privateRun(SuiteRunner.java:372)
at org.testng.SuiteRunner.run(SuiteRunner.java:330)
at org.testng.SuiteRunnerWorker.runSuite(SuiteRunnerWorker.java:52)
at org.testng.SuiteRunnerWorker.run(SuiteRunnerWorker.java:95)
at org.testng.TestNG.runSuitesSequentially(TestNG.java:1256)
at org.testng.TestNG.runSuitesLocally(TestNG.java:1176)
at org.testng.TestNG.runSuites(TestNG.java:1099)
at org.testng.TestNG.run(TestNG.java:1067)
at org.testng.remote.AbstractRemoteTestNG.run(AbstractRemoteTestNG.java:115)
at org.testng.remote.RemoteTestNG.initAndRun(RemoteTestNG.java:251)
at org.testng.remote.RemoteTestNG.main(RemoteTestNG.java:77)
]]>
    </failure>
  </testcase> <!-- @BeforeSuite initiaization -->
  <testcase classname="tests.TestClasses" name="dataGeneration" time="0.0">
    <skipped/>
  </testcase> <!-- dataGeneration -->
  <testcase classname="tests.TestClasses" name="validateDataAPIM_3_2" time="0.0">
    <skipped/>
  </testcase> <!-- validateDataAPIM_3_2 -->
  <testcase classname="tests.Wso2_Apim" name="oauth2" time="0.001">
    <skipped/>
  </testcase> <!-- oauth2 -->
  <testcase classname="tests.RunTests" name="dataGeneration" time="0.0">
    <skipped/>
  </testcase> <!-- dataGeneration -->
  <testcase classname="tests.RunTests" name="validateDataAPIM_3_2" time="0.0">
    <skipped/>
  </testcase> <!-- validateDataAPIM_3_2 -->
  <testcase classname="tests.CreateAPIs" name="dataGeneration" time="0.0">
    <skipped/>
  </testcase> <!-- dataGeneration -->
  <testcase classname="ataf.actions.BaseTest" name="@BeforeSuite initiaization" time="0.0">
    <ignored/>
  </testcase> <!-- @BeforeSuite initiaization -->
</testsuite> <!-- Default test -->
